F M1 M2 dropout cur_max cur_ave cur_std time
8 32 0 1.0 45.07042253521127 39.014084507042256 3.205579345560857 94.63s
8 32 0 0.75 45.774647887323944 39.887323943661976 2.892506513350633 93.92s
8 32 0 0.5 45.774647887323944 39.887323943661976 2.892506513350633 94.48s
8 32 32 1.0 45.774647887323944 39.887323943661976 2.892506513350633 106.34s
8 32 32 0.75 45.774647887323944 39.887323943661976 2.892506513350633 106.39s
8 32 32 0.5 45.774647887323944 39.887323943661976 2.892506513350633 106.62s
8 32 64 1.0 45.774647887323944 39.887323943661976 2.892506513350633 106.25s
8 32 64 0.75 45.774647887323944 39.887323943661976 2.892506513350633 106.53s
8 32 64 0.5 45.774647887323944 39.887323943661976 2.892506513350633 106.76s
8 32 128 1.0 45.774647887323944 39.887323943661976 2.892506513350633 106.47s
8 32 128 0.75 46.478873239436616 39.887323943661976 2.892506513350633 106.80s
8 32 128 0.5 46.478873239436616 39.887323943661976 2.892506513350633 106.83s
8 64 0 1.0 47.88732394366197 39.887323943661976 2.892506513350633 101.00s
8 64 0 0.75 47.88732394366197 39.887323943661976 2.892506513350633 101.61s
8 64 0 0.5 47.88732394366197 39.887323943661976 2.892506513350633 101.34s
8 64 32 1.0 47.88732394366197 39.887323943661976 2.892506513350633 112.43s
8 64 32 0.75 47.88732394366197 40.81690140845071 2.6833111445881364 113.05s
8 64 32 0.5 47.88732394366197 40.81690140845071 2.6833111445881364 113.10s
8 64 64 1.0 47.88732394366197 40.81690140845071 2.6833111445881364 112.95s
8 64 64 0.75 47.88732394366197 40.81690140845071 2.6833111445881364 113.38s
8 64 64 0.5 47.88732394366197 40.81690140845071 2.6833111445881364 113.38s
8 64 128 1.0 47.88732394366197 40.81690140845071 2.6833111445881364 112.81s
8 64 128 0.75 47.88732394366197 40.81690140845071 2.6833111445881364 113.89s
8 64 128 0.5 47.88732394366197 40.81690140845071 2.6833111445881364 113.87s
8 128 0 1.0 47.88732394366197 40.81690140845071 2.6833111445881364 114.48s
8 128 0 0.75 47.88732394366197 40.81690140845071 2.6833111445881364 115.03s
8 128 0 0.5 47.88732394366197 40.81690140845071 2.6833111445881364 115.37s
8 128 32 1.0 47.88732394366197 40.81690140845071 2.6833111445881364 125.22s
8 128 32 0.75 47.88732394366197 40.81690140845071 2.6833111445881364 126.40s
8 128 32 0.5 47.88732394366197 40.81690140845071 2.6833111445881364 126.58s
8 128 64 1.0 47.88732394366197 40.81690140845071 2.6833111445881364 125.68s
8 128 64 0.75 47.88732394366197 40.81690140845071 2.6833111445881364 127.32s
8 128 64 0.5 47.88732394366197 40.81690140845071 2.6833111445881364 126.92s
8 128 128 1.0 47.88732394366197 40.81690140845071 2.6833111445881364 126.06s
8 128 128 0.75 47.88732394366197 40.81690140845071 2.6833111445881364 127.24s
8 128 128 0.5 47.88732394366197 40.81690140845071 2.6833111445881364 127.31s
16 32 0 1.0 47.88732394366197 40.81690140845071 2.6833111445881364 104.32s
16 32 0 0.75 47.88732394366197 40.81690140845071 2.6833111445881364 104.74s
16 32 0 0.5 47.88732394366197 40.81690140845071 2.6833111445881364 104.85s
16 32 32 1.0 47.88732394366197 40.81690140845071 2.6833111445881364 115.77s
16 32 32 0.75 47.88732394366197 40.81690140845071 2.6833111445881364 116.90s
16 32 32 0.5 47.88732394366197 40.81690140845071 2.6833111445881364 116.56s
16 32 64 1.0 47.88732394366197 40.81690140845071 2.6833111445881364 115.98s
16 32 64 0.75 47.88732394366197 40.81690140845071 2.6833111445881364 116.48s
16 32 64 0.5 48.59154929577465 40.81690140845071 2.6833111445881364 116.35s
16 32 128 1.0 48.59154929577465 40.81690140845071 2.6833111445881364 115.92s
16 32 128 0.75 48.59154929577465 40.81690140845071 2.6833111445881364 116.67s
16 32 128 0.5 48.59154929577465 40.81690140845071 2.6833111445881364 116.20s
16 64 0 1.0 48.59154929577465 40.81690140845071 2.6833111445881364 114.79s
16 64 0 0.75 48.59154929577465 40.81690140845071 2.6833111445881364 115.76s
16 64 0 0.5 48.59154929577465 40.845070422535215 3.629323584992994 116.35s
16 64 32 1.0 48.59154929577465 40.845070422535215 3.629323584992994 126.53s
16 64 32 0.75 48.59154929577465 41.521126760563384 2.4595921073738674 127.49s
16 64 32 0.5 48.59154929577465 41.521126760563384 2.4595921073738674 127.53s
16 64 64 1.0 48.59154929577465 41.521126760563384 2.4595921073738674 126.66s
16 64 64 0.75 48.59154929577465 41.859154929577464 2.4563638711652547 127.69s
16 64 64 0.5 48.59154929577465 41.859154929577464 2.4563638711652547 127.59s
16 64 128 1.0 48.59154929577465 41.859154929577464 2.4563638711652547 126.74s
16 64 128 0.75 48.59154929577465 41.859154929577464 2.4563638711652547 127.58s
16 64 128 0.5 48.59154929577465 41.859154929577464 2.4563638711652547 127.35s
16 128 0 1.0 48.59154929577465 41.859154929577464 2.4563638711652547 137.93s
16 128 0 0.75 48.59154929577465 41.859154929577464 2.4563638711652547 138.96s
16 128 0 0.5 48.59154929577465 41.859154929577464 2.4563638711652547 139.61s
16 128 32 1.0 48.59154929577465 41.859154929577464 2.4563638711652547 148.02s
16 128 32 0.75 48.59154929577465 41.859154929577464 2.4563638711652547 150.65s
16 128 32 0.5 48.59154929577465 41.859154929577464 2.4563638711652547 150.46s
16 128 64 1.0 48.59154929577465 41.859154929577464 2.4563638711652547 148.65s
16 128 64 0.75 48.59154929577465 41.859154929577464 2.4563638711652547 150.10s
16 128 64 0.5 48.59154929577465 41.859154929577464 2.4563638711652547 150.53s
16 128 128 1.0 48.59154929577465 41.859154929577464 2.4563638711652547 149.04s
16 128 128 0.75 48.59154929577465 41.859154929577464 2.4563638711652547 150.33s
16 128 128 0.5 48.59154929577465 41.859154929577464 2.4563638711652547 150.38s
32 32 0 1.0 48.59154929577465 41.859154929577464 2.4563638711652547 119.02s
32 32 0 0.75 48.59154929577465 41.859154929577464 2.4563638711652547 119.71s
32 32 0 0.5 48.59154929577465 41.859154929577464 2.4563638711652547 119.41s
32 32 32 1.0 48.59154929577465 41.859154929577464 2.4563638711652547 129.84s
32 32 32 0.75 48.59154929577465 41.859154929577464 2.4563638711652547 131.32s
32 32 32 0.5 48.59154929577465 41.859154929577464 2.4563638711652547 130.41s
32 32 64 1.0 48.59154929577465 41.859154929577464 2.4563638711652547 129.62s
32 32 64 0.75 49.29577464788733 41.859154929577464 2.4563638711652547 130.64s
32 32 64 0.5 49.29577464788733 41.859154929577464 2.4563638711652547 129.78s
32 32 128 1.0 49.29577464788733 41.859154929577464 2.4563638711652547 129.82s
32 32 128 0.75 49.29577464788733 41.859154929577464 2.4563638711652547 130.60s
32 32 128 0.5 49.29577464788733 41.859154929577464 2.4563638711652547 129.78s
32 64 0 1.0 49.29577464788733 41.859154929577464 2.4563638711652547 142.73s
32 64 0 0.75 49.29577464788733 42.19718309859155 2.1352781586757446 143.69s
32 64 0 0.5 49.29577464788733 42.19718309859155 2.1352781586757446 143.65s
32 64 32 1.0 49.29577464788733 42.19718309859155 2.1352781586757446 152.84s
32 64 32 0.75 49.29577464788733 42.281690140845065 3.0759737903591438 154.92s
32 64 32 0.5 49.29577464788733 42.281690140845065 3.0759737903591438 154.39s
32 64 64 1.0 49.29577464788733 42.281690140845065 3.0759737903591438 153.23s
32 64 64 0.75 49.29577464788733 42.563380281690144 2.774898108399944 154.91s
32 64 64 0.5 49.29577464788733 42.563380281690144 2.774898108399944 153.94s
32 64 128 1.0 49.29577464788733 42.563380281690144 2.774898108399944 153.37s
32 64 128 0.75 49.29577464788733 42.563380281690144 2.774898108399944 155.13s
32 64 128 0.5 49.29577464788733 42.563380281690144 2.774898108399944 153.61s
32 128 0 1.0 49.29577464788733 42.563380281690144 2.774898108399944 206.01s
32 128 0 0.75 49.29577464788733 42.563380281690144 2.774898108399944 208.76s
32 128 0 0.5 49.29577464788733 42.563380281690144 2.774898108399944 208.76s
32 128 32 1.0 49.29577464788733 42.563380281690144 2.774898108399944 207.28s
32 128 32 0.75 49.29577464788733 42.563380281690144 2.774898108399944 210.58s
32 128 32 0.5 49.29577464788733 42.563380281690144 2.774898108399944 210.77s
32 128 64 1.0 49.29577464788733 42.563380281690144 2.774898108399944 207.35s
32 128 64 0.75 49.29577464788733 42.563380281690144 2.774898108399944 210.08s
32 128 64 0.5 49.29577464788733 42.563380281690144 2.774898108399944 209.82s
32 128 128 1.0 49.29577464788733 42.563380281690144 2.774898108399944 208.47s
32 128 128 0.75 49.29577464788733 42.563380281690144 2.774898108399944 211.15s
32 128 128 0.5 49.29577464788733 42.563380281690144 2.774898108399944 210.12s
64 32 0 1.0 49.29577464788733 42.563380281690144 2.774898108399944 157.31s
64 32 0 0.75 49.29577464788733 42.563380281690144 2.774898108399944 157.86s
64 32 0 0.5 49.29577464788733 42.563380281690144 2.774898108399944 157.19s
64 32 32 1.0 49.29577464788733 42.563380281690144 2.774898108399944 162.13s
64 32 32 0.75 49.29577464788733 42.563380281690144 2.774898108399944 163.42s
64 32 32 0.5 49.29577464788733 42.563380281690144 2.774898108399944 162.34s
64 32 64 1.0 49.29577464788733 42.563380281690144 2.774898108399944 161.95s
64 32 64 0.75 49.29577464788733 42.563380281690144 2.774898108399944 163.11s
64 32 64 0.5 49.29577464788733 42.563380281690144 2.774898108399944 161.82s
64 32 128 1.0 49.29577464788733 42.563380281690144 2.774898108399944 162.31s
64 32 128 0.75 49.29577464788733 42.563380281690144 2.774898108399944 163.00s
64 32 128 0.5 49.29577464788733 42.563380281690144 2.774898108399944 162.00s
64 64 0 1.0 49.29577464788733 42.563380281690144 2.774898108399944 229.17s
64 64 0 0.75 49.29577464788733 42.563380281690144 2.774898108399944 230.95s
64 64 0 0.5 49.29577464788733 42.563380281690144 2.774898108399944 230.27s
64 64 32 1.0 49.29577464788733 42.563380281690144 2.774898108399944 230.71s
64 64 32 0.75 49.29577464788733 42.563380281690144 2.774898108399944 233.25s
64 64 32 0.5 49.29577464788733 42.563380281690144 2.774898108399944 231.03s
64 64 64 1.0 49.29577464788733 42.563380281690144 2.774898108399944 230.57s
64 64 64 0.75 49.29577464788733 42.563380281690144 2.774898108399944 233.30s
64 64 64 0.5 49.29577464788733 42.563380281690144 2.774898108399944 230.61s
64 64 128 1.0 49.29577464788733 42.563380281690144 2.774898108399944 231.16s
64 64 128 0.75 49.29577464788733 42.563380281690144 2.774898108399944 232.10s
64 64 128 0.5 49.29577464788733 42.563380281690144 2.774898108399944 229.54s
64 128 0 1.0 49.29577464788733 42.563380281690144 2.774898108399944 415.69s
64 128 0 0.75 49.29577464788733 42.563380281690144 2.774898108399944 419.05s
64 128 0 0.5 49.29577464788733 42.563380281690144 2.774898108399944 420.13s
64 128 32 1.0 49.29577464788733 42.563380281690144 2.774898108399944 420.93s
64 128 32 0.75 49.29577464788733 42.84507042253521 2.3540937933268924 423.27s
64 128 32 0.5 49.29577464788733 42.84507042253521 2.3540937933268924 425.17s
64 128 64 1.0 49.29577464788733 42.84507042253521 2.3540937933268924 419.55s
64 128 64 0.75 49.29577464788733 42.84507042253521 2.3540937933268924 423.42s
64 128 64 0.5 49.29577464788733 42.84507042253521 2.3540937933268924 420.42s
64 128 128 1.0 49.29577464788733 42.84507042253521 2.3540937933268924 419.87s
64 128 128 0.75 49.29577464788733 42.84507042253521 2.3540937933268924 424.75s
64 128 128 0.5 49.29577464788733 42.84507042253521 2.3540937933268924 423.93s
128 32 0 1.0 49.29577464788733 42.84507042253521 2.3540937933268924 290.63s
128 32 0 0.75 49.29577464788733 42.84507042253521 2.3540937933268924 291.64s
128 32 0 0.5 49.29577464788733 42.84507042253521 2.3540937933268924 288.78s
128 32 32 1.0 49.29577464788733 42.84507042253521 2.3540937933268924 288.46s
128 32 32 0.75 49.29577464788733 42.84507042253521 2.3540937933268924 289.22s
128 32 32 0.5 49.29577464788733 42.84507042253521 2.3540937933268924 286.94s
128 32 64 1.0 49.29577464788733 42.84507042253521 2.3540937933268924 287.78s
128 32 64 0.75 49.29577464788733 42.84507042253521 2.3540937933268924 287.96s
128 32 64 0.5 49.29577464788733 42.84507042253521 2.3540937933268924 285.10s
128 32 128 1.0 49.29577464788733 42.84507042253521 2.3540937933268924 288.97s
128 32 128 0.75 49.29577464788733 42.84507042253521 2.3540937933268924 286.86s
128 32 128 0.5 49.29577464788733 42.84507042253521 2.3540937933268924 285.19s
128 64 0 1.0 49.29577464788733 42.84507042253521 2.3540937933268924 460.42s
128 64 0 0.75 49.29577464788733 42.84507042253521 2.3540937933268924 464.51s
128 64 0 0.5 49.29577464788733 42.84507042253521 2.3540937933268924 459.35s
128 64 32 1.0 49.29577464788733 42.84507042253521 2.3540937933268924 471.40s
128 64 32 0.75 49.29577464788733 42.84507042253521 2.3540937933268924 472.02s
128 64 32 0.5 49.29577464788733 42.84507042253521 2.3540937933268924 464.84s
128 64 64 1.0 49.29577464788733 42.84507042253521 2.3540937933268924 473.16s
128 64 64 0.75 49.29577464788733 42.84507042253521 2.3540937933268924 476.23s
128 64 64 0.5 49.29577464788733 42.84507042253521 2.3540937933268924 466.82s
128 64 128 1.0 49.29577464788733 42.84507042253521 2.3540937933268924 468.42s
128 64 128 0.75 49.29577464788733 42.84507042253521 2.3540937933268924 469.50s
128 64 128 0.5 49.29577464788733 42.84507042253521 2.3540937933268924 464.45s
128 128 0 1.0 49.29577464788733 42.84507042253521 2.3540937933268924 687.65s
128 128 0 0.75 49.29577464788733 42.84507042253521 2.3540937933268924 689.66s
128 128 0 0.5 49.29577464788733 42.84507042253521 2.3540937933268924 688.45s
128 128 32 1.0 49.29577464788733 42.84507042253521 2.3540937933268924 726.65s
128 128 32 0.75 49.29577464788733 42.84507042253521 2.3540937933268924 734.37s
128 128 32 0.5 49.29577464788733 42.84507042253521 2.3540937933268924 726.66s
128 128 64 1.0 49.29577464788733 42.84507042253521 2.3540937933268924 726.54s
128 128 64 0.75 49.29577464788733 42.84507042253521 2.3540937933268924 730.78s
128 128 64 0.5 49.29577464788733 42.84507042253521 2.3540937933268924 723.38s
128 128 128 1.0 49.29577464788733 42.84507042253521 2.3540937933268924 725.36s
128 128 128 0.75 49.29577464788733 42.84507042253521 2.3540937933268924 727.91s
128 128 128 0.5 49.29577464788733 42.84507042253521 2.3540937933268924 720.48s
Best Max found: 49.29577464788733
Best AveStd found: (42.84507042253521, 2.3540937933268924)
