F M1 M2 dropout cur_max cur_ave cur_std time
8 32 0 1.0 47.183098591549296 42.61971830985915 2.803630712060561 320.23s
8 32 0 0.75 50.0 43.80281690140844 3.0793255083204856 293.64s
8 32 0 0.5 50.0 43.80281690140844 3.0793255083204856 291.34s
8 32 32 1.0 51.40845070422535 43.80281690140844 3.0793255083204856 322.02s
8 32 32 0.75 51.40845070422535 43.80281690140844 3.0793255083204856 322.42s
8 32 32 0.5 51.40845070422535 43.80281690140844 3.0793255083204856 323.08s
8 32 64 1.0 51.40845070422535 43.80281690140844 3.0793255083204856 325.12s
8 32 64 0.75 55.633802816901415 43.859154929577464 3.7344931648848565 318.13s
8 32 64 0.5 55.633802816901415 43.859154929577464 3.7344931648848565 322.42s
8 32 128 1.0 55.633802816901415 43.859154929577464 3.7344931648848565 324.04s
8 32 128 0.75 55.633802816901415 43.859154929577464 3.7344931648848565 323.57s
8 32 128 0.5 55.633802816901415 43.859154929577464 3.7344931648848565 322.78s
8 64 0 1.0 55.633802816901415 43.859154929577464 3.7344931648848565 371.83s
8 64 0 0.75 55.633802816901415 43.859154929577464 3.7344931648848565 368.32s
8 64 0 0.5 55.633802816901415 43.859154929577464 3.7344931648848565 372.03s
8 64 32 1.0 55.633802816901415 43.859154929577464 3.7344931648848565 390.70s
8 64 32 0.75 55.633802816901415 44.25352112676056 3.510858266677351 387.31s
8 64 32 0.5 55.633802816901415 44.25352112676056 3.510858266677351 389.49s
8 64 64 1.0 55.633802816901415 44.25352112676056 3.510858266677351 390.06s
8 64 64 0.75 55.633802816901415 44.25352112676056 3.510858266677351 391.72s
8 64 64 0.5 55.633802816901415 44.25352112676056 3.510858266677351 390.33s
8 64 128 1.0 55.633802816901415 44.25352112676056 3.510858266677351 392.33s
8 64 128 0.75 55.633802816901415 44.33802816901409 3.1524134836141466 387.91s
8 64 128 0.5 55.633802816901415 44.33802816901409 3.1524134836141466 395.06s
8 128 0 1.0 55.633802816901415 44.33802816901409 3.1524134836141466 511.12s
8 128 0 0.75 55.633802816901415 44.33802816901409 3.1524134836141466 510.96s
8 128 0 0.5 55.633802816901415 44.33802816901409 3.1524134836141466 511.25s
8 128 32 1.0 55.633802816901415 44.33802816901409 3.1524134836141466 541.04s
8 128 32 0.75 55.633802816901415 45.35211267605634 2.6349699906858746 541.93s
8 128 32 0.5 55.633802816901415 45.35211267605634 2.6349699906858746 540.23s
8 128 64 1.0 55.633802816901415 45.35211267605634 2.6349699906858746 544.27s
8 128 64 0.75 55.633802816901415 45.35211267605634 2.6349699906858746 545.36s
8 128 64 0.5 55.633802816901415 45.35211267605634 2.6349699906858746 545.16s
8 128 128 1.0 55.633802816901415 45.35211267605634 2.6349699906858746 546.95s
8 128 128 0.75 55.633802816901415 45.35211267605634 2.6349699906858746 546.85s
8 128 128 0.5 55.633802816901415 45.35211267605634 2.6349699906858746 550.88s
16 32 0 1.0 55.633802816901415 45.35211267605634 2.6349699906858746 361.67s
16 32 0 0.75 55.633802816901415 45.35211267605634 2.6349699906858746 361.84s
16 32 0 0.5 55.633802816901415 45.35211267605634 2.6349699906858746 361.59s
16 32 32 1.0 55.633802816901415 45.35211267605634 2.6349699906858746 388.64s
16 32 32 0.75 55.633802816901415 45.35211267605634 2.6349699906858746 391.88s
16 32 32 0.5 55.633802816901415 45.35211267605634 2.6349699906858746 390.37s
16 32 64 1.0 55.633802816901415 45.35211267605634 2.6349699906858746 393.16s
16 32 64 0.75 55.633802816901415 45.35211267605634 2.6349699906858746 392.75s
16 32 64 0.5 55.633802816901415 45.35211267605634 2.6349699906858746 392.10s
16 32 128 1.0 55.633802816901415 45.35211267605634 2.6349699906858746 393.40s
16 32 128 0.75 55.633802816901415 45.35211267605634 2.6349699906858746 392.37s
16 32 128 0.5 55.633802816901415 45.35211267605634 2.6349699906858746 395.25s
16 64 0 1.0 55.633802816901415 45.35211267605634 2.6349699906858746 512.39s
16 64 0 0.75 55.633802816901415 45.35211267605634 2.6349699906858746 539.22s
16 64 0 0.5 55.633802816901415 45.35211267605634 2.6349699906858746 518.54s
16 64 32 1.0 55.633802816901415 45.35211267605634 2.6349699906858746 542.41s
16 64 32 0.75 55.633802816901415 45.35211267605634 2.6349699906858746 540.81s
16 64 32 0.5 55.633802816901415 45.35211267605634 2.6349699906858746 537.48s
16 64 64 1.0 55.633802816901415 45.35211267605634 2.6349699906858746 543.36s
16 64 64 0.75 55.633802816901415 45.69014084507043 2.458301321608048 543.78s
16 64 64 0.5 55.633802816901415 45.69014084507043 2.458301321608048 538.07s
16 64 128 1.0 55.633802816901415 45.69014084507043 2.458301321608048 544.94s
16 64 128 0.75 55.633802816901415 45.69014084507043 2.458301321608048 548.72s
16 64 128 0.5 55.633802816901415 45.69014084507043 2.458301321608048 546.15s
16 128 0 1.0 55.633802816901415 45.69014084507043 2.458301321608048 815.96s
16 128 0 0.75 55.633802816901415 45.69014084507043 2.458301321608048 846.55s
16 128 0 0.5 55.633802816901415 45.69014084507043 2.458301321608048 819.96s
16 128 32 1.0 55.633802816901415 45.69014084507043 2.458301321608048 845.74s
16 128 32 0.75 55.633802816901415 45.94366197183098 3.0617528459988637 848.10s
16 128 32 0.5 55.633802816901415 45.94366197183098 3.0617528459988637 847.39s
16 128 64 1.0 55.633802816901415 45.94366197183098 3.0617528459988637 851.77s
16 128 64 0.75 55.633802816901415 45.94366197183098 3.0617528459988637 854.06s
16 128 64 0.5 55.633802816901415 45.94366197183098 3.0617528459988637 853.07s
16 128 128 1.0 55.633802816901415 45.94366197183098 3.0617528459988637 852.55s
16 128 128 0.75 55.633802816901415 45.94366197183098 3.0617528459988637 852.52s
16 128 128 0.5 55.633802816901415 45.94366197183098 3.0617528459988637 851.45s
32 32 0 1.0 55.633802816901415 45.94366197183098 3.0617528459988637 516.97s
32 32 0 0.75 55.633802816901415 45.94366197183098 3.0617528459988637 518.71s
32 32 0 0.5 55.633802816901415 45.94366197183098 3.0617528459988637 516.86s
32 32 32 1.0 55.633802816901415 45.94366197183098 3.0617528459988637 546.86s
32 32 32 0.75 55.633802816901415 45.94366197183098 3.0617528459988637 544.91s
32 32 32 0.5 55.633802816901415 45.94366197183098 3.0617528459988637 544.35s
32 32 64 1.0 55.633802816901415 45.94366197183098 3.0617528459988637 549.89s
32 32 64 0.75 55.633802816901415 45.94366197183098 3.0617528459988637 550.84s
32 32 64 0.5 55.633802816901415 45.94366197183098 3.0617528459988637 548.36s
32 32 128 1.0 55.633802816901415 45.94366197183098 3.0617528459988637 549.28s
32 32 128 0.75 55.633802816901415 45.94366197183098 3.0617528459988637 550.56s
32 32 128 0.5 55.633802816901415 45.94366197183098 3.0617528459988637 552.27s
32 64 0 1.0 55.633802816901415 45.94366197183098 3.0617528459988637 825.60s
32 64 0 0.75 55.633802816901415 45.94366197183098 3.0617528459988637 823.61s
32 64 0 0.5 55.633802816901415 45.94366197183098 3.0617528459988637 816.89s
32 64 32 1.0 55.633802816901415 45.94366197183098 3.0617528459988637 850.20s
32 64 32 0.75 55.633802816901415 45.94366197183098 3.0617528459988637 852.71s
32 64 32 0.5 55.633802816901415 45.94366197183098 3.0617528459988637 852.56s
32 64 64 1.0 55.633802816901415 45.94366197183098 3.0617528459988637 857.78s
32 64 64 0.75 55.633802816901415 45.94366197183098 3.0617528459988637 873.03s
32 64 64 0.5 55.633802816901415 45.94366197183098 3.0617528459988637 848.92s
32 64 128 1.0 55.633802816901415 45.94366197183098 3.0617528459988637 846.66s
32 64 128 0.75 55.633802816901415 45.94366197183098 3.0617528459988637 859.39s
32 64 128 0.5 55.633802816901415 45.94366197183098 3.0617528459988637 854.08s
32 128 0 1.0 55.633802816901415 45.94366197183098 3.0617528459988637 1444.75s
32 128 0 0.75 55.633802816901415 45.94366197183098 3.0617528459988637 1411.16s
32 128 0 0.5 55.633802816901415 45.94366197183098 3.0617528459988637 1409.16s
32 128 32 1.0 55.633802816901415 45.94366197183098 3.0617528459988637 1444.44s
32 128 32 0.75 55.633802816901415 47.54929577464789 1.8591549295774648 1452.53s
32 128 32 0.5 55.633802816901415 47.54929577464789 1.8591549295774648 1449.64s
32 128 64 1.0 55.633802816901415 47.54929577464789 1.8591549295774648 1446.59s
32 128 64 0.75 55.633802816901415 47.54929577464789 1.8591549295774648 1451.41s
32 128 64 0.5 55.633802816901415 47.54929577464789 1.8591549295774648 1450.10s
32 128 128 1.0 55.633802816901415 47.54929577464789 1.8591549295774648 1458.85s
32 128 128 0.75 55.633802816901415 47.54929577464789 1.8591549295774648 1458.04s
32 128 128 0.5 55.633802816901415 47.54929577464789 1.8591549295774648 1454.69s
64 32 0 1.0 55.633802816901415 47.54929577464789 1.8591549295774648 822.65s
64 32 0 0.75 55.633802816901415 47.54929577464789 1.8591549295774648 824.81s
64 32 0 0.5 55.633802816901415 47.54929577464789 1.8591549295774648 822.65s
64 32 32 1.0 55.633802816901415 47.54929577464789 1.8591549295774648 853.12s
64 32 32 0.75 55.633802816901415 47.54929577464789 1.8591549295774648 855.81s
64 32 32 0.5 55.633802816901415 47.54929577464789 1.8591549295774648 878.00s
64 32 64 1.0 55.633802816901415 47.54929577464789 1.8591549295774648 850.89s
64 32 64 0.75 55.633802816901415 47.54929577464789 1.8591549295774648 849.02s
64 32 64 0.5 55.633802816901415 47.54929577464789 1.8591549295774648 850.74s
64 32 128 1.0 55.633802816901415 47.54929577464789 1.8591549295774648 855.49s
64 32 128 0.75 55.633802816901415 47.54929577464789 1.8591549295774648 854.11s
64 32 128 0.5 55.633802816901415 47.54929577464789 1.8591549295774648 850.47s
64 64 0 1.0 55.633802816901415 47.54929577464789 1.8591549295774648 1413.30s
64 64 0 0.75 55.633802816901415 47.54929577464789 1.8591549295774648 1421.01s
64 64 0 0.5 55.633802816901415 47.54929577464789 1.8591549295774648 1410.71s
64 64 32 1.0 55.633802816901415 47.54929577464789 1.8591549295774648 1440.67s
64 64 32 0.75 55.633802816901415 47.54929577464789 1.8591549295774648 1448.00s
64 64 32 0.5 55.633802816901415 47.54929577464789 1.8591549295774648 1448.17s
64 64 64 1.0 55.633802816901415 47.54929577464789 1.8591549295774648 1449.54s
64 64 64 0.75 55.633802816901415 47.54929577464789 1.8591549295774648 1444.40s
64 64 64 0.5 55.633802816901415 47.54929577464789 1.8591549295774648 1453.01s
64 64 128 1.0 55.633802816901415 47.54929577464789 1.8591549295774648 1448.76s
64 64 128 0.75 55.633802816901415 47.54929577464789 1.8591549295774648 1453.01s
64 64 128 0.5 55.633802816901415 47.54929577464789 1.8591549295774648 1453.03s
64 128 0 1.0 55.633802816901415 47.54929577464789 1.8591549295774648 2571.88s
64 128 0 0.75 55.633802816901415 47.54929577464789 1.8591549295774648 2573.50s
64 128 0 0.5 55.633802816901415 47.54929577464789 1.8591549295774648 2571.97s
64 128 32 1.0 55.633802816901415 47.54929577464789 1.8591549295774648 2596.45s
64 128 32 0.75 55.633802816901415 47.54929577464789 1.8591549295774648 2609.81s
64 128 32 0.5 55.633802816901415 47.54929577464789 1.8591549295774648 2672.82s
64 128 64 1.0 55.633802816901415 47.54929577464789 1.8591549295774648 2644.70s
64 128 64 0.75 55.633802816901415 47.54929577464789 1.8591549295774648 2637.67s
64 128 64 0.5 55.633802816901415 47.54929577464789 1.8591549295774648 2640.20s
64 128 128 1.0 55.633802816901415 47.54929577464789 1.8591549295774648 2645.09s
64 128 128 0.75 55.633802816901415 47.54929577464789 1.8591549295774648 2643.47s
64 128 128 0.5 55.633802816901415 47.54929577464789 1.8591549295774648 2647.27s
128 32 0 1.0 55.633802816901415 47.54929577464789 1.8591549295774648 1423.18s
128 32 0 0.75 55.633802816901415 47.54929577464789 1.8591549295774648 1421.07s
128 32 0 0.5 55.633802816901415 47.54929577464789 1.8591549295774648 1417.17s
128 32 32 1.0 55.633802816901415 47.54929577464789 1.8591549295774648 1451.01s
128 32 32 0.75 55.633802816901415 47.54929577464789 1.8591549295774648 1490.81s
128 32 32 0.5 55.633802816901415 47.54929577464789 1.8591549295774648 1455.06s
128 32 64 1.0 55.633802816901415 47.54929577464789 1.8591549295774648 1460.61s
128 32 64 0.75 55.633802816901415 47.54929577464789 1.8591549295774648 1463.13s
128 32 64 0.5 55.633802816901415 47.54929577464789 1.8591549295774648 1458.75s
128 32 128 1.0 55.633802816901415 47.54929577464789 1.8591549295774648 1462.42s
128 32 128 0.75 55.633802816901415 47.54929577464789 1.8591549295774648 1464.73s
128 32 128 0.5 55.633802816901415 47.54929577464789 1.8591549295774648 1457.35s
128 64 0 1.0 55.633802816901415 47.54929577464789 1.8591549295774648 2616.91s
128 64 0 0.75 55.633802816901415 47.54929577464789 1.8591549295774648 2611.51s
128 64 0 0.5 55.633802816901415 47.54929577464789 1.8591549295774648 2639.82s
128 64 32 1.0 55.633802816901415 47.54929577464789 1.8591549295774648 2649.27s
128 64 32 0.75 55.633802816901415 47.54929577464789 1.8591549295774648 2645.16s
128 64 32 0.5 55.633802816901415 47.54929577464789 1.8591549295774648 2654.18s
128 64 64 1.0 55.633802816901415 47.54929577464789 1.8591549295774648 2647.54s
128 64 64 0.75 55.633802816901415 47.54929577464789 1.8591549295774648 2646.91s
128 64 64 0.5 55.633802816901415 47.54929577464789 1.8591549295774648 2648.60s
128 64 128 1.0 55.633802816901415 47.54929577464789 1.8591549295774648 2655.16s
128 64 128 0.75 55.633802816901415 47.54929577464789 1.8591549295774648 2681.07s
128 64 128 0.5 55.633802816901415 47.54929577464789 1.8591549295774648 2649.57s
128 128 0 1.0 55.633802816901415 47.54929577464789 1.8591549295774648 4948.49s
128 128 0 0.75 55.633802816901415 47.54929577464789 1.8591549295774648 4948.40s
128 128 0 0.5 55.633802816901415 47.54929577464789 1.8591549295774648 4946.55s
128 128 32 1.0 55.633802816901415 47.54929577464789 1.8591549295774648 4975.11s
128 128 32 0.75 55.633802816901415 47.54929577464789 1.8591549295774648 5021.68s
128 128 32 0.5 55.633802816901415 47.54929577464789 1.8591549295774648 4997.99s
128 128 64 1.0 55.633802816901415 47.54929577464789 1.8591549295774648 4997.00s
128 128 64 0.75 55.633802816901415 47.54929577464789 1.8591549295774648 5001.97s
128 128 64 0.5 55.633802816901415 47.54929577464789 1.8591549295774648 5000.41s
128 128 128 1.0 55.633802816901415 47.54929577464789 1.8591549295774648 7644.88s
128 128 128 0.75 55.633802816901415 47.54929577464789 1.8591549295774648 7710.81s
