F M1 M2 dropout cur_max cur_ave cur_std time
8 32 0 1.0 40.0 32.4 2.985725408174327 92.37s
8 32 0 0.75 40.76923076923077 32.86153846153846 3.073228551183698 91.69s
8 32 0 0.5 40.76923076923077 32.86153846153846 3.073228551183698 92.12s
8 32 32 1.0 40.76923076923077 32.86153846153846 3.073228551183698 105.01s
8 32 32 0.75 41.53846153846154 33.13846153846154 3.5679042627854205 104.30s
8 32 32 0.5 41.53846153846154 33.13846153846154 3.5679042627854205 104.67s
8 32 64 1.0 41.53846153846154 33.13846153846154 3.5679042627854205 103.77s
8 32 64 0.75 41.53846153846154 33.90769230769231 2.974606532580174 103.61s
8 32 64 0.5 41.53846153846154 33.90769230769231 2.974606532580174 103.58s
8 32 128 1.0 41.53846153846154 33.90769230769231 2.974606532580174 104.09s
8 32 128 0.75 41.53846153846154 33.90769230769231 2.974606532580174 104.07s
8 32 128 0.5 41.53846153846154 33.90769230769231 2.974606532580174 104.20s
8 64 0 1.0 41.53846153846154 33.90769230769231 2.974606532580174 98.09s
8 64 0 0.75 41.53846153846154 34.03076923076923 2.771622898434104 98.57s
8 64 0 0.5 41.53846153846154 34.03076923076923 2.771622898434104 98.66s
8 64 32 1.0 41.53846153846154 34.03076923076923 2.771622898434104 109.46s
8 64 32 0.75 41.53846153846154 34.98461538461539 3.5625932978544106 109.84s
8 64 32 0.5 41.53846153846154 34.98461538461539 3.5625932978544106 110.29s
8 64 64 1.0 43.07692307692308 34.98461538461539 3.5625932978544106 109.82s
8 64 64 0.75 43.07692307692308 35.16923076923077 3.5184719652733065 110.43s
8 64 64 0.5 43.07692307692308 35.16923076923077 3.5184719652733065 110.57s
8 64 128 1.0 43.07692307692308 35.16923076923077 3.5184719652733065 110.14s
8 64 128 0.75 43.07692307692308 35.16923076923077 3.5184719652733065 110.73s
8 64 128 0.5 43.07692307692308 35.16923076923077 3.5184719652733065 110.99s
8 128 0 1.0 43.07692307692308 35.16923076923077 3.5184719652733065 110.40s
8 128 0 0.75 43.07692307692308 35.16923076923077 3.5184719652733065 110.83s
8 128 0 0.5 43.07692307692308 35.16923076923077 3.5184719652733065 111.21s
8 128 32 1.0 43.07692307692308 35.16923076923077 3.5184719652733065 121.06s
8 128 32 0.75 43.07692307692308 36.46153846153846 2.27151124003591 122.23s
8 128 32 0.5 43.07692307692308 36.46153846153846 2.27151124003591 122.45s
8 128 64 1.0 43.07692307692308 36.46153846153846 2.27151124003591 121.79s
8 128 64 0.75 43.07692307692308 36.46153846153846 2.27151124003591 122.49s
8 128 64 0.5 43.07692307692308 36.46153846153846 2.27151124003591 122.99s
8 128 128 1.0 43.07692307692308 36.46153846153846 2.27151124003591 122.07s
8 128 128 0.75 43.07692307692308 36.46153846153846 2.27151124003591 123.00s
8 128 128 0.5 43.07692307692308 36.46153846153846 2.27151124003591 123.30s
16 32 0 1.0 43.07692307692308 36.46153846153846 2.27151124003591 101.41s
16 32 0 0.75 43.07692307692308 36.46153846153846 2.27151124003591 101.56s
16 32 0 0.5 43.07692307692308 36.46153846153846 2.27151124003591 101.62s
16 32 32 1.0 43.07692307692308 36.46153846153846 2.27151124003591 112.64s
16 32 32 0.75 43.07692307692308 36.46153846153846 2.27151124003591 113.07s
16 32 32 0.5 43.07692307692308 36.46153846153846 2.27151124003591 113.15s
16 32 64 1.0 43.07692307692308 36.46153846153846 2.27151124003591 112.71s
16 32 64 0.75 43.07692307692308 36.46153846153846 2.27151124003591 112.91s
16 32 64 0.5 43.07692307692308 36.46153846153846 2.27151124003591 112.97s
16 32 128 1.0 43.07692307692308 36.46153846153846 2.27151124003591 112.94s
16 32 128 0.75 43.07692307692308 36.46153846153846 2.27151124003591 113.29s
16 32 128 0.5 43.07692307692308 36.46153846153846 2.27151124003591 113.08s
16 64 0 1.0 43.07692307692308 36.46153846153846 2.27151124003591 111.44s
16 64 0 0.75 43.07692307692308 36.46153846153846 2.27151124003591 111.98s
16 64 0 0.5 43.07692307692308 36.46153846153846 2.27151124003591 112.53s
16 64 32 1.0 43.07692307692308 36.46153846153846 2.27151124003591 122.33s
16 64 32 0.75 43.07692307692308 36.46153846153846 2.27151124003591 123.42s
16 64 32 0.5 43.07692307692308 36.46153846153846 2.27151124003591 123.40s
16 64 64 1.0 43.07692307692308 36.46153846153846 2.27151124003591 122.75s
16 64 64 0.75 43.07692307692308 36.46153846153846 2.27151124003591 123.71s
16 64 64 0.5 43.07692307692308 36.46153846153846 2.27151124003591 123.57s
16 64 128 1.0 43.07692307692308 36.46153846153846 2.27151124003591 122.77s
16 64 128 0.75 43.07692307692308 36.46153846153846 2.27151124003591 123.68s
16 64 128 0.5 43.07692307692308 36.46153846153846 2.27151124003591 123.56s
16 128 0 1.0 43.07692307692308 36.46153846153846 2.27151124003591 132.58s
16 128 0 0.75 43.07692307692308 36.46153846153846 2.27151124003591 133.75s
16 128 0 0.5 43.07692307692308 36.46153846153846 2.27151124003591 134.53s
16 128 32 1.0 43.07692307692308 36.46153846153846 2.27151124003591 143.33s
16 128 32 0.75 43.07692307692308 36.46153846153846 2.27151124003591 145.06s
16 128 32 0.5 43.07692307692308 36.46153846153846 2.27151124003591 145.46s
16 128 64 1.0 43.07692307692308 36.46153846153846 2.27151124003591 143.68s
16 128 64 0.75 43.07692307692308 36.46153846153846 2.27151124003591 145.50s
16 128 64 0.5 43.07692307692308 36.46153846153846 2.27151124003591 145.38s
16 128 128 1.0 43.07692307692308 36.46153846153846 2.27151124003591 144.18s
16 128 128 0.75 43.07692307692308 36.46153846153846 2.27151124003591 145.20s
16 128 128 0.5 43.07692307692308 36.46153846153846 2.27151124003591 145.37s
32 32 0 1.0 43.07692307692308 36.46153846153846 2.27151124003591 115.06s
32 32 0 0.75 43.07692307692308 36.46153846153846 2.27151124003591 115.46s
32 32 0 0.5 43.07692307692308 36.46153846153846 2.27151124003591 115.32s
32 32 32 1.0 43.07692307692308 36.46153846153846 2.27151124003591 125.92s
32 32 32 0.75 43.07692307692308 36.46153846153846 2.27151124003591 126.83s
32 32 32 0.5 43.07692307692308 36.46153846153846 2.27151124003591 126.56s
32 32 64 1.0 43.07692307692308 36.46153846153846 2.27151124003591 125.86s
32 32 64 0.75 43.07692307692308 36.46153846153846 2.27151124003591 126.67s
32 32 64 0.5 43.07692307692308 36.46153846153846 2.27151124003591 126.18s
32 32 128 1.0 43.07692307692308 36.46153846153846 2.27151124003591 125.81s
32 32 128 0.75 43.07692307692308 36.46153846153846 2.27151124003591 126.61s
32 32 128 0.5 43.07692307692308 36.46153846153846 2.27151124003591 126.06s
32 64 0 1.0 43.07692307692308 36.46153846153846 2.27151124003591 137.04s
32 64 0 0.75 43.07692307692308 36.46153846153846 2.27151124003591 138.06s
32 64 0 0.5 43.07692307692308 36.46153846153846 2.27151124003591 137.93s
32 64 32 1.0 43.07692307692308 36.46153846153846 2.27151124003591 147.31s
32 64 32 0.75 43.07692307692308 36.830769230769235 2.4837459779213007 149.55s
32 64 32 0.5 43.07692307692308 36.830769230769235 2.4837459779213007 148.44s
32 64 64 1.0 43.07692307692308 36.830769230769235 2.4837459779213007 147.96s
32 64 64 0.75 43.07692307692308 36.830769230769235 2.4837459779213007 149.47s
32 64 64 0.5 43.07692307692308 36.830769230769235 2.4837459779213007 148.44s
32 64 128 1.0 43.07692307692308 36.830769230769235 2.4837459779213007 148.11s
32 64 128 0.75 43.07692307692308 36.830769230769235 2.4837459779213007 149.27s
32 64 128 0.5 43.07692307692308 36.830769230769235 2.4837459779213007 147.98s
32 128 0 1.0 43.07692307692308 36.830769230769235 2.4837459779213007 184.70s
32 128 0 0.75 43.07692307692308 36.830769230769235 2.4837459779213007 186.87s
32 128 0 0.5 43.07692307692308 36.830769230769235 2.4837459779213007 187.14s
32 128 32 1.0 43.07692307692308 36.830769230769235 2.4837459779213007 191.28s
32 128 32 0.75 43.07692307692308 37.13846153846154 2.2349562827489082 194.25s
32 128 32 0.5 44.61538461538462 37.13846153846154 2.2349562827489082 194.36s
32 128 64 1.0 44.61538461538462 37.13846153846154 2.2349562827489082 191.86s
32 128 64 0.75 44.61538461538462 37.13846153846154 2.2349562827489082 194.02s
32 128 64 0.5 44.61538461538462 37.13846153846154 2.2349562827489082 193.27s
32 128 128 1.0 44.61538461538462 37.13846153846154 2.2349562827489082 191.97s
32 128 128 0.75 44.61538461538462 37.13846153846154 2.2349562827489082 194.09s
32 128 128 0.5 44.61538461538462 37.13846153846154 2.2349562827489082 192.91s
64 32 0 1.0 44.61538461538462 37.13846153846154 2.2349562827489082 149.11s
64 32 0 0.75 44.61538461538462 37.13846153846154 2.2349562827489082 149.24s
64 32 0 0.5 44.61538461538462 37.13846153846154 2.2349562827489082 148.87s
64 32 32 1.0 44.61538461538462 37.13846153846154 2.2349562827489082 155.79s
64 32 32 0.75 44.61538461538462 37.13846153846154 2.2349562827489082 157.19s
64 32 32 0.5 44.61538461538462 37.13846153846154 2.2349562827489082 156.29s
64 32 64 1.0 44.61538461538462 37.13846153846154 2.2349562827489082 155.97s
64 32 64 0.75 44.61538461538462 37.13846153846154 2.2349562827489082 157.04s
64 32 64 0.5 44.61538461538462 37.13846153846154 2.2349562827489082 155.76s
64 32 128 1.0 44.61538461538462 37.13846153846154 2.2349562827489082 156.28s
64 32 128 0.75 44.61538461538462 37.13846153846154 2.2349562827489082 156.61s
64 32 128 0.5 44.61538461538462 37.13846153846154 2.2349562827489082 155.46s
64 64 0 1.0 44.61538461538462 37.13846153846154 2.2349562827489082 202.26s
64 64 0 0.75 44.61538461538462 37.13846153846154 2.2349562827489082 202.83s
64 64 0 0.5 44.61538461538462 37.13846153846154 2.2349562827489082 202.59s
64 64 32 1.0 44.61538461538462 37.13846153846154 2.2349562827489082 204.93s
64 64 32 0.75 44.61538461538462 37.63076923076924 3.4049737376147493 207.43s
64 64 32 0.5 44.61538461538462 37.63076923076924 3.4049737376147493 205.50s
64 64 64 1.0 44.61538461538462 37.63076923076924 3.4049737376147493 205.13s
64 64 64 0.75 44.61538461538462 37.63076923076924 3.4049737376147493 207.21s
64 64 64 0.5 44.61538461538462 37.63076923076924 3.4049737376147493 205.10s
64 64 128 1.0 44.61538461538462 37.63076923076924 3.4049737376147493 205.07s
64 64 128 0.75 44.61538461538462 37.63076923076924 3.4049737376147493 206.54s
64 64 128 0.5 44.61538461538462 37.63076923076924 3.4049737376147493 204.46s
64 128 0 1.0 44.61538461538462 37.63076923076924 3.4049737376147493 335.75s
64 128 0 0.75 44.61538461538462 37.63076923076924 3.4049737376147493 338.94s
64 128 0 0.5 44.61538461538462 37.63076923076924 3.4049737376147493 340.31s
64 128 32 1.0 44.61538461538462 37.63076923076924 3.4049737376147493 339.12s
64 128 32 0.75 44.61538461538462 37.69230769230769 2.7087410556398486 343.94s
64 128 32 0.5 44.61538461538462 37.69230769230769 2.7087410556398486 341.90s
64 128 64 1.0 44.61538461538462 37.69230769230769 2.7087410556398486 337.33s
64 128 64 0.75 44.61538461538462 37.69230769230769 2.7087410556398486 342.57s
64 128 64 0.5 44.61538461538462 37.69230769230769 2.7087410556398486 339.26s
64 128 128 1.0 44.61538461538462 37.69230769230769 2.7087410556398486 338.66s
64 128 128 0.75 44.61538461538462 37.69230769230769 2.7087410556398486 341.61s
64 128 128 0.5 44.61538461538462 37.69230769230769 2.7087410556398486 339.34s
128 32 0 1.0 44.61538461538462 37.69230769230769 2.7087410556398486 239.93s
128 32 0 0.75 44.61538461538462 37.69230769230769 2.7087410556398486 239.54s
128 32 0 0.5 44.61538461538462 37.69230769230769 2.7087410556398486 238.97s
128 32 32 1.0 44.61538461538462 37.69230769230769 2.7087410556398486 240.88s
128 32 32 0.75 44.61538461538462 37.69230769230769 2.7087410556398486 242.44s
128 32 32 0.5 44.61538461538462 37.69230769230769 2.7087410556398486 241.00s
128 32 64 1.0 44.61538461538462 37.69230769230769 2.7087410556398486 240.44s
128 32 64 0.75 44.61538461538462 37.69230769230769 2.7087410556398486 241.16s
128 32 64 0.5 44.61538461538462 37.69230769230769 2.7087410556398486 239.05s
128 32 128 1.0 44.61538461538462 37.69230769230769 2.7087410556398486 240.78s
128 32 128 0.75 44.61538461538462 37.69230769230769 2.7087410556398486 240.88s
128 32 128 0.5 44.61538461538462 37.69230769230769 2.7087410556398486 239.12s
128 64 0 1.0 44.61538461538462 37.69230769230769 2.7087410556398486 373.44s
128 64 0 0.75 44.61538461538462 37.69230769230769 2.7087410556398486 374.29s
128 64 0 0.5 44.61538461538462 37.69230769230769 2.7087410556398486 374.46s
128 64 32 1.0 44.61538461538462 37.69230769230769 2.7087410556398486 374.85s
128 64 32 0.75 44.61538461538462 37.69230769230769 2.7087410556398486 376.56s
128 64 32 0.5 44.61538461538462 37.69230769230769 2.7087410556398486 373.92s
128 64 64 1.0 44.61538461538462 37.69230769230769 2.7087410556398486 377.51s
128 64 64 0.75 44.61538461538462 37.69230769230769 2.7087410556398486 378.18s
128 64 64 0.5 44.61538461538462 37.69230769230769 2.7087410556398486 375.65s
128 64 128 1.0 44.61538461538462 37.69230769230769 2.7087410556398486 373.34s
128 64 128 0.75 44.61538461538462 37.69230769230769 2.7087410556398486 375.25s
128 64 128 0.5 44.61538461538462 37.69230769230769 2.7087410556398486 372.66s
128 128 0 1.0 44.61538461538462 37.69230769230769 2.7087410556398486 619.58s
128 128 0 0.75 44.61538461538462 37.69230769230769 2.7087410556398486 620.63s
128 128 0 0.5 44.61538461538462 37.69230769230769 2.7087410556398486 619.94s
128 128 32 1.0 44.61538461538462 37.69230769230769 2.7087410556398486 635.51s
128 128 32 0.75 44.61538461538462 37.69230769230769 2.7087410556398486 639.43s
128 128 32 0.5 44.61538461538462 37.69230769230769 2.7087410556398486 631.90s
128 128 64 1.0 44.61538461538462 37.69230769230769 2.7087410556398486 633.69s
128 128 64 0.75 44.61538461538462 37.69230769230769 2.7087410556398486 635.95s
128 128 64 0.5 44.61538461538462 37.69230769230769 2.7087410556398486 629.47s
128 128 128 1.0 44.61538461538462 37.69230769230769 2.7087410556398486 630.43s
128 128 128 0.75 44.61538461538462 37.69230769230769 2.7087410556398486 632.71s
128 128 128 0.5 44.61538461538462 37.69230769230769 2.7087410556398486 628.85s
Best Max found: 44.61538461538462
Best AveStd found: (37.69230769230769, 2.7087410556398486)
