F M1 M2 dropout cur_max cur_ave cur_std time
8 32 0 1.0 44.36619718309859 38.901408450704224 3.0291842385960708 838.61s
8 32 0 0.75 44.36619718309859 38.901408450704224 3.0291842385960708 648.06s
8 32 0 0.5 44.36619718309859 38.901408450704224 3.0291842385960708 648.18s
8 32 32 1.0 44.36619718309859 38.901408450704224 3.0291842385960708 667.46s
8 32 32 0.75 46.478873239436616 38.901408450704224 3.0291842385960708 669.12s
8 32 32 0.5 46.478873239436616 38.901408450704224 3.0291842385960708 677.72s
8 32 64 1.0 47.88732394366197 38.901408450704224 3.0291842385960708 676.36s
8 32 64 0.75 47.88732394366197 38.901408450704224 3.0291842385960708 672.53s
8 32 64 0.5 47.88732394366197 38.901408450704224 3.0291842385960708 675.26s
8 32 128 1.0 47.88732394366197 38.901408450704224 3.0291842385960708 690.66s
8 32 128 0.75 47.88732394366197 38.901408450704224 3.0291842385960708 687.94s
8 32 128 0.5 47.88732394366197 38.901408450704224 3.0291842385960708 726.37s
8 64 0 1.0 47.88732394366197 39.83098591549296 3.0081552843295762 1157.21s
8 64 0 0.75 47.88732394366197 40.816901408450704 2.4107146924320753 1157.15s
8 64 0 0.5 47.88732394366197 40.816901408450704 2.4107146924320753 1153.29s
8 64 32 1.0 47.88732394366197 40.816901408450704 2.4107146924320753 1180.98s
8 64 32 0.75 47.88732394366197 40.816901408450704 2.4107146924320753 1181.86s
8 64 32 0.5 47.88732394366197 40.816901408450704 2.4107146924320753 1180.78s
8 64 64 1.0 47.88732394366197 40.816901408450704 2.4107146924320753 1189.41s
8 64 64 0.75 47.88732394366197 40.816901408450704 2.4107146924320753 1191.62s
8 64 64 0.5 47.88732394366197 40.816901408450704 2.4107146924320753 1189.23s
8 64 128 1.0 47.88732394366197 40.816901408450704 2.4107146924320753 1212.47s
8 64 128 0.75 47.88732394366197 40.816901408450704 2.4107146924320753 1249.45s
8 64 128 0.5 47.88732394366197 40.816901408450704 2.4107146924320753 1285.77s
8 128 0 1.0 47.88732394366197 40.92957746478873 2.8261818954780864 2221.08s
8 128 0 0.75 47.88732394366197 41.40845070422535 2.947668948796669 2235.85s
8 128 0 0.5 48.59154929577465 41.57746478873239 2.917091485295688 2371.42s
8 128 32 1.0 48.59154929577465 41.57746478873239 2.917091485295688 2299.99s
8 128 32 0.75 48.59154929577465 41.57746478873239 2.917091485295688 2298.25s
8 128 32 0.5 48.59154929577465 41.57746478873239 2.917091485295688 2298.69s
8 128 64 1.0 48.59154929577465 41.57746478873239 2.917091485295688 2314.34s
8 128 64 0.75 48.59154929577465 41.57746478873239 2.917091485295688 2322.02s
8 128 64 0.5 49.29577464788733 41.57746478873239 2.917091485295688 2320.63s
8 128 128 1.0 49.29577464788733 41.57746478873239 2.917091485295688 2360.01s
8 128 128 0.75 49.29577464788733 41.57746478873239 2.917091485295688 2330.48s
8 128 128 0.5 49.29577464788733 41.57746478873239 2.917091485295688 2278.72s
16 32 0 1.0 49.29577464788733 41.57746478873239 2.917091485295688 1216.81s
16 32 0 0.75 49.29577464788733 41.57746478873239 2.917091485295688 1217.82s
16 32 0 0.5 49.29577464788733 41.57746478873239 2.917091485295688 1240.47s
16 32 32 1.0 49.29577464788733 41.57746478873239 2.917091485295688 1093.76s
16 32 32 0.75 49.29577464788733 41.57746478873239 2.917091485295688 1096.99s
16 32 32 0.5 49.29577464788733 41.57746478873239 2.917091485295688 1092.37s
16 32 64 1.0 49.29577464788733 41.57746478873239 2.917091485295688 1098.19s
16 32 64 0.75 49.29577464788733 41.57746478873239 2.917091485295688 1129.26s
16 32 64 0.5 49.29577464788733 41.57746478873239 2.917091485295688 1132.93s
16 32 128 1.0 49.29577464788733 41.57746478873239 2.917091485295688 1135.15s
16 32 128 0.75 49.29577464788733 41.57746478873239 2.917091485295688 1144.23s
16 32 128 0.5 49.29577464788733 41.57746478873239 2.917091485295688 1193.48s
16 64 0 1.0 49.29577464788733 41.57746478873239 2.917091485295688 1961.98s
16 64 0 0.75 49.29577464788733 41.57746478873239 2.917091485295688 1957.93s
16 64 0 0.5 49.29577464788733 41.57746478873239 2.917091485295688 1950.82s
16 64 32 1.0 49.29577464788733 41.57746478873239 2.917091485295688 1986.63s
16 64 32 0.75 49.29577464788733 41.57746478873239 2.917091485295688 1980.86s
16 64 32 0.5 49.29577464788733 41.57746478873239 2.917091485295688 2055.56s
16 64 64 1.0 49.29577464788733 41.57746478873239 2.917091485295688 1969.54s
16 64 64 0.75 49.29577464788733 41.57746478873239 2.917091485295688 1969.05s
16 64 64 0.5 49.29577464788733 41.57746478873239 2.917091485295688 1977.21s
16 64 128 1.0 49.29577464788733 41.57746478873239 2.917091485295688 2018.57s
16 64 128 0.75 49.29577464788733 41.57746478873239 2.917091485295688 1850.18s
16 64 128 0.5 49.29577464788733 41.57746478873239 2.917091485295688 1865.30s
16 128 0 1.0 49.29577464788733 41.57746478873239 2.917091485295688 3368.05s
16 128 0 0.75 49.29577464788733 42.08450704225352 2.18450658820747 3390.17s
16 128 0 0.5 50.0 42.08450704225352 2.18450658820747 3341.95s
16 128 32 1.0 50.0 42.08450704225352 2.18450658820747 3521.16s
16 128 32 0.75 50.0 42.08450704225352 2.18450658820747 3425.29s
16 128 32 0.5 50.0 42.08450704225352 2.18450658820747 3425.96s
16 128 64 1.0 50.0 42.08450704225352 2.18450658820747 3454.75s
16 128 64 0.75 50.0 42.08450704225352 2.18450658820747 3455.51s
16 128 64 0.5 50.0 42.08450704225352 2.18450658820747 3036.14s
16 128 128 1.0 50.0 42.08450704225352 2.18450658820747 2985.68s
16 128 128 0.75 50.0 42.08450704225352 2.18450658820747 4584.85s
16 128 128 0.5 50.0 42.08450704225352 2.18450658820747 4361.67s
32 32 0 1.0 50.0 42.08450704225352 2.18450658820747 2314.67s
32 32 0 0.75 50.0 42.08450704225352 2.18450658820747 2310.17s
32 32 0 0.5 50.0 42.08450704225352 2.18450658820747 2314.65s
32 32 32 1.0 50.0 42.08450704225352 2.18450658820747 2477.84s
32 32 32 0.75 50.0 42.08450704225352 2.18450658820747 2364.26s
32 32 32 0.5 50.0 42.08450704225352 2.18450658820747 2357.96s
32 32 64 1.0 50.0 42.08450704225352 2.18450658820747 2376.11s
32 32 64 0.75 50.0 42.08450704225352 2.18450658820747 2383.74s
32 32 64 0.5 50.0 42.08450704225352 2.18450658820747 2368.24s
32 32 128 1.0 50.0 42.08450704225352 2.18450658820747 911.25s
32 32 128 0.75 50.0 42.08450704225352 2.18450658820747 767.71s
32 32 128 0.5 50.0 42.08450704225352 2.18450658820747 798.31s
32 64 0 1.0 50.0 42.08450704225352 2.18450658820747 1107.01s
32 64 0 0.75 50.0 42.08450704225352 2.18450658820747 1109.07s
32 64 0 0.5 50.0 42.08450704225352 2.18450658820747 1128.30s
32 64 32 1.0 50.0 42.08450704225352 2.18450658820747 1159.49s
32 64 32 0.75 50.0 42.08450704225352 2.18450658820747 1178.69s
32 64 32 0.5 50.0 42.08450704225352 2.18450658820747 1227.42s
32 64 64 1.0 50.0 42.08450704225352 2.18450658820747 1373.04s
32 64 64 0.75 50.0 42.08450704225352 2.18450658820747 1327.53s
32 64 64 0.5 50.0 42.08450704225352 2.18450658820747 1399.75s
32 64 128 1.0 50.0 42.08450704225352 2.18450658820747 4651.59s
32 64 128 0.75 50.0 42.08450704225352 2.18450658820747 4577.79s
32 64 128 0.5 50.0 42.08450704225352 2.18450658820747 4584.73s
32 128 0 1.0 50.0 42.08450704225352 2.18450658820747 8637.15s
32 128 0 0.75 50.0 42.30985915492957 2.2439939455385267 8846.37s
32 128 0 0.5 50.0 42.30985915492957 2.2439939455385267 8656.76s
32 128 32 1.0 50.0 42.30985915492957 2.2439939455385267 8467.69s
32 128 32 0.75 50.0 42.30985915492957 2.2439939455385267 1028.03s
32 128 32 0.5 50.0 42.30985915492957 2.2439939455385267 1028.68s
