F M1 M2 dropout cur_max cur_ave cur_std time
8 32 0 1.0 35.38461538461539 32.246153846153845 2.2497337120530347 78.60s
8 32 0 0.75 41.53846153846154 33.38461538461538 3.1753488370077387 77.97s
8 32 0 0.5 41.53846153846154 33.44615384615385 3.242615643738516 78.31s
8 32 32 1.0 41.53846153846154 34.30769230769231 2.777764628502737 88.80s
8 32 32 0.75 42.30769230769231 35.53846153846154 3.711488640558406 88.71s
8 32 32 0.5 42.30769230769231 35.53846153846154 3.711488640558406 88.90s
8 32 64 1.0 42.30769230769231 35.53846153846154 3.711488640558406 88.60s
8 32 64 0.75 42.30769230769231 35.53846153846154 3.711488640558406 89.56s
8 32 64 0.5 42.30769230769231 35.53846153846154 3.711488640558406 89.82s
8 32 128 1.0 42.30769230769231 35.53846153846154 3.711488640558406 88.73s
8 32 128 0.75 42.30769230769231 35.53846153846154 3.711488640558406 88.77s
8 32 128 0.5 42.30769230769231 35.53846153846154 3.711488640558406 88.74s
8 64 0 1.0 42.30769230769231 35.53846153846154 3.711488640558406 84.57s
8 64 0 0.75 42.30769230769231 35.53846153846154 3.711488640558406 84.91s
8 64 0 0.5 42.30769230769231 35.53846153846154 3.711488640558406 85.04s
8 64 32 1.0 42.30769230769231 35.53846153846154 3.711488640558406 95.24s
8 64 32 0.75 42.30769230769231 35.53846153846154 3.711488640558406 95.26s
8 64 32 0.5 42.30769230769231 35.53846153846154 3.711488640558406 95.62s
8 64 64 1.0 42.30769230769231 35.53846153846154 3.711488640558406 95.25s
8 64 64 0.75 42.30769230769231 35.69230769230769 2.373422864698696 95.66s
8 64 64 0.5 42.30769230769231 35.69230769230769 2.373422864698696 95.93s
8 64 128 1.0 42.30769230769231 35.69230769230769 2.373422864698696 95.38s
8 64 128 0.75 42.30769230769231 35.69230769230769 2.373422864698696 96.09s
8 64 128 0.5 42.30769230769231 35.69230769230769 2.373422864698696 96.11s
8 128 0 1.0 42.30769230769231 35.69230769230769 2.373422864698696 96.43s
8 128 0 0.75 42.30769230769231 35.69230769230769 2.373422864698696 97.03s
8 128 0 0.5 42.30769230769231 35.69230769230769 2.373422864698696 97.40s
8 128 32 1.0 42.30769230769231 35.69230769230769 2.373422864698696 106.77s
8 128 32 0.75 42.30769230769231 36.430769230769236 2.618821271501935 107.79s
8 128 32 0.5 42.30769230769231 36.430769230769236 2.618821271501935 108.05s
8 128 64 1.0 42.30769230769231 36.430769230769236 2.618821271501935 107.46s
8 128 64 0.75 42.30769230769231 36.430769230769236 2.618821271501935 108.05s
8 128 64 0.5 42.30769230769231 36.430769230769236 2.618821271501935 108.45s
8 128 128 1.0 42.30769230769231 36.430769230769236 2.618821271501935 107.33s
8 128 128 0.75 43.07692307692308 36.430769230769236 2.618821271501935 108.35s
8 128 128 0.5 43.07692307692308 36.430769230769236 2.618821271501935 108.59s
16 32 0 1.0 43.07692307692308 36.430769230769236 2.618821271501935 86.58s
16 32 0 0.75 43.07692307692308 36.49230769230769 3.3358727999247986 86.69s
16 32 0 0.5 43.07692307692308 36.49230769230769 3.3358727999247986 86.67s
16 32 32 1.0 43.07692307692308 36.49230769230769 3.3358727999247986 97.00s
16 32 32 0.75 43.07692307692308 36.49230769230769 3.3358727999247986 97.71s
16 32 32 0.5 43.07692307692308 36.49230769230769 3.3358727999247986 97.65s
16 32 64 1.0 43.07692307692308 36.49230769230769 3.3358727999247986 97.26s
16 32 64 0.75 43.07692307692308 36.49230769230769 3.3358727999247986 97.84s
16 32 64 0.5 43.07692307692308 36.49230769230769 3.3358727999247986 97.74s
16 32 128 1.0 43.07692307692308 36.49230769230769 3.3358727999247986 97.47s
16 32 128 0.75 43.07692307692308 36.49230769230769 3.3358727999247986 97.83s
16 32 128 0.5 43.07692307692308 36.49230769230769 3.3358727999247986 97.40s
16 64 0 1.0 43.07692307692308 36.49230769230769 3.3358727999247986 97.58s
16 64 0 0.75 43.07692307692308 36.49230769230769 3.3358727999247986 98.20s
16 64 0 0.5 43.07692307692308 36.49230769230769 3.3358727999247986 98.73s
16 64 32 1.0 43.07692307692308 36.49230769230769 3.3358727999247986 108.18s
16 64 32 0.75 43.07692307692308 37.01538461538461 3.0015380672633114 108.99s
16 64 32 0.5 43.07692307692308 37.01538461538461 3.0015380672633114 109.21s
16 64 64 1.0 43.07692307692308 37.01538461538461 3.0015380672633114 108.14s
16 64 64 0.75 43.07692307692308 37.01538461538461 3.0015380672633114 109.23s
16 64 64 0.5 43.07692307692308 37.01538461538461 3.0015380672633114 109.01s
16 64 128 1.0 43.07692307692308 37.01538461538461 3.0015380672633114 108.47s
16 64 128 0.75 43.07692307692308 37.01538461538461 3.0015380672633114 109.34s
16 64 128 0.5 43.07692307692308 37.01538461538461 3.0015380672633114 109.01s
16 128 0 1.0 43.07692307692308 37.01538461538461 3.0015380672633114 118.40s
16 128 0 0.75 43.07692307692308 37.01538461538461 3.0015380672633114 119.46s
16 128 0 0.5 43.07692307692308 37.01538461538461 3.0015380672633114 120.01s
16 128 32 1.0 43.07692307692308 37.01538461538461 3.0015380672633114 128.55s
16 128 32 0.75 43.07692307692308 37.01538461538461 3.0015380672633114 130.22s
16 128 32 0.5 43.07692307692308 37.01538461538461 3.0015380672633114 130.64s
16 128 64 1.0 43.07692307692308 37.01538461538461 3.0015380672633114 128.88s
16 128 64 0.75 43.07692307692308 37.01538461538461 3.0015380672633114 130.27s
16 128 64 0.5 43.07692307692308 37.01538461538461 3.0015380672633114 130.71s
16 128 128 1.0 43.07692307692308 37.01538461538461 3.0015380672633114 128.93s
16 128 128 0.75 43.07692307692308 37.01538461538461 3.0015380672633114 130.14s
16 128 128 0.5 43.07692307692308 37.01538461538461 3.0015380672633114 130.00s
32 32 0 1.0 43.07692307692308 37.01538461538461 3.0015380672633114 100.76s
32 32 0 0.75 43.07692307692308 37.01538461538461 3.0015380672633114 101.47s
32 32 0 0.5 43.07692307692308 37.01538461538461 3.0015380672633114 101.20s
32 32 32 1.0 43.07692307692308 37.01538461538461 3.0015380672633114 111.23s
32 32 32 0.75 43.07692307692308 37.01538461538461 3.0015380672633114 112.05s
32 32 32 0.5 43.07692307692308 37.01538461538461 3.0015380672633114 111.66s
32 32 64 1.0 43.07692307692308 37.01538461538461 3.0015380672633114 111.40s
32 32 64 0.75 43.07692307692308 37.01538461538461 3.0015380672633114 112.02s
32 32 64 0.5 43.07692307692308 37.01538461538461 3.0015380672633114 111.67s
32 32 128 1.0 43.07692307692308 37.01538461538461 3.0015380672633114 111.51s
32 32 128 0.75 43.07692307692308 37.01538461538461 3.0015380672633114 112.19s
32 32 128 0.5 43.07692307692308 37.01538461538461 3.0015380672633114 111.43s
32 64 0 1.0 43.07692307692308 37.01538461538461 3.0015380672633114 122.59s
32 64 0 0.75 43.07692307692308 37.01538461538461 3.0015380672633114 123.76s
32 64 0 0.5 43.07692307692308 37.01538461538461 3.0015380672633114 123.68s
32 64 32 1.0 43.07692307692308 37.01538461538461 3.0015380672633114 132.60s
32 64 32 0.75 43.07692307692308 37.01538461538461 3.0015380672633114 134.56s
32 64 32 0.5 43.07692307692308 37.01538461538461 3.0015380672633114 133.81s
32 64 64 1.0 43.07692307692308 37.01538461538461 3.0015380672633114 132.93s
32 64 64 0.75 43.07692307692308 37.87692307692308 2.961528471511622 134.17s
32 64 64 0.5 43.07692307692308 37.87692307692308 2.961528471511622 133.10s
32 64 128 1.0 43.07692307692308 37.87692307692308 2.961528471511622 132.95s
32 64 128 0.75 43.07692307692308 37.87692307692308 2.961528471511622 134.03s
32 64 128 0.5 43.07692307692308 37.87692307692308 2.961528471511622 133.00s
32 128 0 1.0 43.07692307692308 37.87692307692308 2.961528471511622 179.34s
32 128 0 0.75 43.07692307692308 37.87692307692308 2.961528471511622 180.98s
32 128 0 0.5 43.07692307692308 37.87692307692308 2.961528471511622 182.47s
32 128 32 1.0 43.07692307692308 37.87692307692308 2.961528471511622 181.86s
32 128 32 0.75 43.07692307692308 37.87692307692308 2.961528471511622 184.86s
32 128 32 0.5 43.07692307692308 37.87692307692308 2.961528471511622 185.06s
32 128 64 1.0 43.07692307692308 37.87692307692308 2.961528471511622 181.58s
32 128 64 0.75 43.07692307692308 37.87692307692308 2.961528471511622 184.20s
32 128 64 0.5 43.07692307692308 37.87692307692308 2.961528471511622 183.83s
32 128 128 1.0 43.07692307692308 37.87692307692308 2.961528471511622 182.31s
32 128 128 0.75 43.07692307692308 37.87692307692308 2.961528471511622 184.49s
32 128 128 0.5 43.07692307692308 37.87692307692308 2.961528471511622 182.90s
64 32 0 1.0 43.07692307692308 37.87692307692308 2.961528471511622 134.97s
64 32 0 0.75 43.07692307692308 37.87692307692308 2.961528471511622 135.16s
64 32 0 0.5 43.07692307692308 37.87692307692308 2.961528471511622 134.80s
64 32 32 1.0 43.07692307692308 37.87692307692308 2.961528471511622 140.92s
64 32 32 0.75 43.07692307692308 37.87692307692308 2.961528471511622 142.04s
64 32 32 0.5 43.07692307692308 37.87692307692308 2.961528471511622 141.01s
64 32 64 1.0 43.07692307692308 37.87692307692308 2.961528471511622 141.15s
64 32 64 0.75 43.84615384615385 37.87692307692308 2.961528471511622 141.88s
64 32 64 0.5 43.84615384615385 37.87692307692308 2.961528471511622 140.65s
64 32 128 1.0 43.84615384615385 37.87692307692308 2.961528471511622 141.33s
64 32 128 0.75 43.84615384615385 37.87692307692308 2.961528471511622 141.59s
64 32 128 0.5 43.84615384615385 37.87692307692308 2.961528471511622 140.61s
64 64 0 1.0 43.84615384615385 37.87692307692308 2.961528471511622 198.74s
64 64 0 0.75 43.84615384615385 37.87692307692308 2.961528471511622 200.76s
64 64 0 0.5 43.84615384615385 37.87692307692308 2.961528471511622 199.28s
64 64 32 1.0 43.84615384615385 37.87692307692308 2.961528471511622 200.83s
64 64 32 0.75 46.15384615384615 37.87692307692308 2.961528471511622 203.86s
64 64 32 0.5 46.15384615384615 37.87692307692308 2.961528471511622 201.65s
64 64 64 1.0 46.15384615384615 37.87692307692308 2.961528471511622 200.93s
64 64 64 0.75 46.15384615384615 37.87692307692308 2.961528471511622 203.32s
64 64 64 0.5 46.15384615384615 37.87692307692308 2.961528471511622 200.72s
64 64 128 1.0 46.15384615384615 37.87692307692308 2.961528471511622 201.33s
64 64 128 0.75 46.15384615384615 37.87692307692308 2.961528471511622 202.44s
64 64 128 0.5 46.15384615384615 37.87692307692308 2.961528471511622 200.19s
64 128 0 1.0 46.15384615384615 37.87692307692308 2.961528471511622 363.41s
64 128 0 0.75 46.15384615384615 37.87692307692308 2.961528471511622 367.42s
64 128 0 0.5 46.15384615384615 37.87692307692308 2.961528471511622 365.66s
64 128 32 1.0 46.15384615384615 37.87692307692308 2.961528471511622 372.39s
64 128 32 0.75 46.15384615384615 37.87692307692308 2.961528471511622 376.04s
64 128 32 0.5 46.15384615384615 37.87692307692308 2.961528471511622 375.57s
64 128 64 1.0 46.15384615384615 37.87692307692308 2.961528471511622 372.03s
64 128 64 0.75 46.15384615384615 37.87692307692308 2.961528471511622 374.72s
64 128 64 0.5 46.15384615384615 37.87692307692308 2.961528471511622 369.67s
64 128 128 1.0 46.15384615384615 37.87692307692308 2.961528471511622 369.87s
64 128 128 0.75 46.15384615384615 37.87692307692308 2.961528471511622 372.51s
64 128 128 0.5 46.15384615384615 37.87692307692308 2.961528471511622 366.76s
128 32 0 1.0 46.15384615384615 37.87692307692308 2.961528471511622 245.98s
128 32 0 0.75 46.15384615384615 37.87692307692308 2.961528471511622 244.94s
128 32 0 0.5 46.15384615384615 37.87692307692308 2.961528471511622 245.40s
128 32 32 1.0 46.15384615384615 37.87692307692308 2.961528471511622 245.07s
128 32 32 0.75 46.15384615384615 37.87692307692308 2.961528471511622 244.08s
128 32 32 0.5 46.15384615384615 37.87692307692308 2.961528471511622 244.23s
128 32 64 1.0 46.15384615384615 37.87692307692308 2.961528471511622 245.52s
128 32 64 0.75 46.15384615384615 37.87692307692308 2.961528471511622 245.11s
128 32 64 0.5 46.15384615384615 37.87692307692308 2.961528471511622 243.67s
128 32 128 1.0 46.15384615384615 37.87692307692308 2.961528471511622 245.73s
128 32 128 0.75 46.15384615384615 37.87692307692308 2.961528471511622 245.51s
128 32 128 0.5 46.15384615384615 37.87692307692308 2.961528471511622 245.08s
128 64 0 1.0 46.15384615384615 37.87692307692308 2.961528471511622 398.88s
128 64 0 0.75 46.15384615384615 37.87692307692308 2.961528471511622 398.52s
128 64 0 0.5 46.15384615384615 37.87692307692308 2.961528471511622 398.82s
128 64 32 1.0 46.15384615384615 37.87692307692308 2.961528471511622 408.03s
128 64 32 0.75 46.15384615384615 37.87692307692308 2.961528471511622 411.05s
128 64 32 0.5 46.15384615384615 37.87692307692308 2.961528471511622 406.92s
128 64 64 1.0 46.15384615384615 37.87692307692308 2.961528471511622 407.97s
128 64 64 0.75 46.15384615384615 37.87692307692308 2.961528471511622 410.43s
128 64 64 0.5 46.15384615384615 37.87692307692308 2.961528471511622 404.58s
128 64 128 1.0 46.15384615384615 37.87692307692308 2.961528471511622 407.76s
128 64 128 0.75 46.15384615384615 37.87692307692308 2.961528471511622 406.49s
128 64 128 0.5 46.15384615384615 37.87692307692308 2.961528471511622 402.90s
128 128 0 1.0 46.15384615384615 37.87692307692308 2.961528471511622 602.37s
128 128 0 0.75 46.15384615384615 37.87692307692308 2.961528471511622 603.10s
128 128 0 0.5 46.15384615384615 37.87692307692308 2.961528471511622 601.28s
128 128 32 1.0 46.15384615384615 37.87692307692308 2.961528471511622 635.79s
128 128 32 0.75 46.15384615384615 37.87692307692308 2.961528471511622 642.73s
128 128 32 0.5 46.15384615384615 37.87692307692308 2.961528471511622 635.42s
128 128 64 1.0 46.15384615384615 37.87692307692308 2.961528471511622 635.82s
128 128 64 0.75 46.15384615384615 37.87692307692308 2.961528471511622 638.74s
128 128 64 0.5 46.15384615384615 37.87692307692308 2.961528471511622 632.05s
128 128 128 1.0 46.15384615384615 37.87692307692308 2.961528471511622 633.94s
128 128 128 0.75 46.15384615384615 37.87692307692308 2.961528471511622 634.28s
128 128 128 0.5 46.15384615384615 37.87692307692308 2.961528471511622 629.45s
Best Max found: 46.15384615384615
Best AveStd found: (37.87692307692308, 2.961528471511622)
