F M1 M2 dropout cur_max cur_ave cur_std time
8 32 0 1.0 54.22535211267606 50.33802816901409 1.9930448395840819 84.06s
8 32 0 0.75 57.74647887323944 51.12676056338029 2.8449309685526996 83.83s
8 32 0 0.5 57.74647887323944 51.12676056338029 2.8449309685526996 83.97s
8 32 32 1.0 57.74647887323944 51.12676056338029 2.8449309685526996 95.00s
8 32 32 0.75 57.74647887323944 51.12676056338029 2.8449309685526996 95.14s
8 32 32 0.5 57.74647887323944 51.12676056338029 2.8449309685526996 95.18s
8 32 64 1.0 57.74647887323944 51.12676056338029 2.8449309685526996 95.14s
8 32 64 0.75 57.74647887323944 51.12676056338029 2.8449309685526996 95.24s
8 32 64 0.5 57.74647887323944 51.12676056338029 2.8449309685526996 95.33s
8 32 128 1.0 57.74647887323944 51.12676056338029 2.8449309685526996 95.46s
8 32 128 0.75 57.74647887323944 51.12676056338029 2.8449309685526996 95.31s
8 32 128 0.5 57.74647887323944 51.12676056338029 2.8449309685526996 95.28s
8 64 0 1.0 57.74647887323944 52.33802816901409 2.2946942934553585 91.17s
8 64 0 0.75 58.45070422535211 52.33802816901409 2.2946942934553585 91.38s
8 64 0 0.5 58.45070422535211 52.33802816901409 2.2946942934553585 91.58s
8 64 32 1.0 58.45070422535211 52.33802816901409 2.2946942934553585 102.17s
8 64 32 0.75 58.45070422535211 52.33802816901409 2.2946942934553585 102.62s
8 64 32 0.5 58.45070422535211 52.33802816901409 2.2946942934553585 102.91s
8 64 64 1.0 58.45070422535211 52.33802816901409 2.2946942934553585 102.33s
8 64 64 0.75 58.45070422535211 52.33802816901409 2.2946942934553585 103.26s
8 64 64 0.5 58.45070422535211 52.33802816901409 2.2946942934553585 102.89s
8 64 128 1.0 58.45070422535211 52.33802816901409 2.2946942934553585 102.51s
8 64 128 0.75 58.45070422535211 52.33802816901409 2.2946942934553585 103.17s
8 64 128 0.5 58.45070422535211 52.33802816901409 2.2946942934553585 103.54s
8 128 0 1.0 58.45070422535211 52.33802816901409 2.2946942934553585 103.97s
8 128 0 0.75 58.45070422535211 52.33802816901409 2.2946942934553585 104.71s
8 128 0 0.5 58.45070422535211 52.33802816901409 2.2946942934553585 105.07s
8 128 32 1.0 58.45070422535211 52.33802816901409 2.2946942934553585 115.22s
8 128 32 0.75 58.45070422535211 52.33802816901409 2.2946942934553585 116.06s
8 128 32 0.5 58.45070422535211 52.33802816901409 2.2946942934553585 116.44s
8 128 64 1.0 58.45070422535211 52.33802816901409 2.2946942934553585 115.63s
8 128 64 0.75 58.45070422535211 52.33802816901409 2.2946942934553585 116.47s
8 128 64 0.5 58.45070422535211 52.33802816901409 2.2946942934553585 117.02s
8 128 128 1.0 58.45070422535211 52.33802816901409 2.2946942934553585 115.84s
8 128 128 0.75 58.45070422535211 52.33802816901409 2.2946942934553585 116.87s
8 128 128 0.5 58.45070422535211 52.33802816901409 2.2946942934553585 117.19s
16 32 0 1.0 58.45070422535211 52.33802816901409 2.2946942934553585 94.41s
16 32 0 0.75 58.45070422535211 52.33802816901409 2.2946942934553585 94.83s
16 32 0 0.5 58.45070422535211 52.33802816901409 2.2946942934553585 94.78s
16 32 32 1.0 58.45070422535211 52.33802816901409 2.2946942934553585 105.70s
16 32 32 0.75 58.45070422535211 52.33802816901409 2.2946942934553585 106.26s
16 32 32 0.5 58.45070422535211 52.33802816901409 2.2946942934553585 106.25s
16 32 64 1.0 58.45070422535211 52.33802816901409 2.2946942934553585 105.89s
16 32 64 0.75 58.45070422535211 52.33802816901409 2.2946942934553585 106.42s
16 32 64 0.5 58.45070422535211 52.33802816901409 2.2946942934553585 106.18s
16 32 128 1.0 58.45070422535211 52.33802816901409 2.2946942934553585 106.05s
16 32 128 0.75 58.45070422535211 52.33802816901409 2.2946942934553585 107.14s
16 32 128 0.5 58.45070422535211 52.33802816901409 2.2946942934553585 106.44s
16 64 0 1.0 58.45070422535211 52.33802816901409 2.2946942934553585 104.72s
16 64 0 0.75 58.45070422535211 52.33802816901409 2.2946942934553585 105.61s
16 64 0 0.5 58.45070422535211 52.33802816901409 2.2946942934553585 106.08s
16 64 32 1.0 58.45070422535211 52.33802816901409 2.2946942934553585 116.66s
16 64 32 0.75 58.45070422535211 52.33802816901409 2.2946942934553585 117.76s
16 64 32 0.5 58.45070422535211 52.33802816901409 2.2946942934553585 117.95s
16 64 64 1.0 58.45070422535211 52.33802816901409 2.2946942934553585 116.39s
16 64 64 0.75 58.45070422535211 52.33802816901409 2.2946942934553585 117.67s
16 64 64 0.5 58.45070422535211 52.33802816901409 2.2946942934553585 117.75s
16 64 128 1.0 58.45070422535211 52.33802816901409 2.2946942934553585 117.10s
16 64 128 0.75 58.45070422535211 52.33802816901409 2.2946942934553585 117.83s
16 64 128 0.5 58.45070422535211 52.33802816901409 2.2946942934553585 117.80s
16 128 0 1.0 58.45070422535211 52.33802816901409 2.2946942934553585 127.94s
16 128 0 0.75 59.154929577464785 53.04225352112676 2.2686114469522134 128.73s
16 128 0 0.5 59.154929577464785 53.04225352112676 2.2686114469522134 129.45s
16 128 32 1.0 59.154929577464785 53.04225352112676 2.2686114469522134 139.26s
16 128 32 0.75 59.154929577464785 53.04225352112676 2.2686114469522134 140.68s
16 128 32 0.5 59.154929577464785 53.04225352112676 2.2686114469522134 141.27s
16 128 64 1.0 59.154929577464785 53.04225352112676 2.2686114469522134 139.27s
16 128 64 0.75 59.154929577464785 53.04225352112676 2.2686114469522134 140.88s
16 128 64 0.5 59.154929577464785 53.04225352112676 2.2686114469522134 141.19s
16 128 128 1.0 59.154929577464785 53.04225352112676 2.2686114469522134 139.48s
16 128 128 0.75 59.154929577464785 53.04225352112676 2.2686114469522134 140.74s
16 128 128 0.5 59.154929577464785 53.04225352112676 2.2686114469522134 140.72s
32 32 0 1.0 59.154929577464785 53.04225352112676 2.2686114469522134 108.87s
32 32 0 0.75 59.154929577464785 53.04225352112676 2.2686114469522134 109.54s
32 32 0 0.5 59.154929577464785 53.04225352112676 2.2686114469522134 109.23s
32 32 32 1.0 59.154929577464785 53.04225352112676 2.2686114469522134 120.06s
32 32 32 0.75 59.154929577464785 53.04225352112676 2.2686114469522134 121.44s
32 32 32 0.5 59.154929577464785 53.04225352112676 2.2686114469522134 120.68s
32 32 64 1.0 59.154929577464785 53.04225352112676 2.2686114469522134 120.18s
32 32 64 0.75 59.154929577464785 53.04225352112676 2.2686114469522134 121.07s
32 32 64 0.5 59.154929577464785 53.04225352112676 2.2686114469522134 120.59s
32 32 128 1.0 59.154929577464785 53.04225352112676 2.2686114469522134 120.57s
32 32 128 0.75 59.154929577464785 53.04225352112676 2.2686114469522134 121.35s
32 32 128 0.5 59.154929577464785 53.04225352112676 2.2686114469522134 120.66s
32 64 0 1.0 59.154929577464785 53.04225352112676 2.2686114469522134 132.92s
32 64 0 0.75 59.154929577464785 53.04225352112676 2.2686114469522134 134.12s
32 64 0 0.5 59.154929577464785 53.04225352112676 2.2686114469522134 134.13s
32 64 32 1.0 59.154929577464785 53.04225352112676 2.2686114469522134 143.68s
32 64 32 0.75 59.154929577464785 53.04225352112676 2.2686114469522134 145.61s
32 64 32 0.5 59.154929577464785 53.04225352112676 2.2686114469522134 145.26s
32 64 64 1.0 59.154929577464785 53.04225352112676 2.2686114469522134 143.73s
32 64 64 0.75 59.154929577464785 53.04225352112676 2.2686114469522134 145.33s
32 64 64 0.5 59.154929577464785 53.04225352112676 2.2686114469522134 144.58s
32 64 128 1.0 59.154929577464785 53.04225352112676 2.2686114469522134 144.26s
32 64 128 0.75 59.154929577464785 53.04225352112676 2.2686114469522134 145.42s
32 64 128 0.5 59.154929577464785 53.04225352112676 2.2686114469522134 144.35s
32 128 0 1.0 59.154929577464785 53.04225352112676 2.2686114469522134 195.88s
32 128 0 0.75 60.56338028169014 53.04225352112676 2.2686114469522134 198.48s
32 128 0 0.5 60.56338028169014 53.04225352112676 2.2686114469522134 198.79s
32 128 32 1.0 60.56338028169014 53.04225352112676 2.2686114469522134 198.67s
32 128 32 0.75 60.56338028169014 53.04225352112676 2.2686114469522134 201.28s
32 128 32 0.5 60.56338028169014 53.04225352112676 2.2686114469522134 201.90s
32 128 64 1.0 60.56338028169014 53.04225352112676 2.2686114469522134 199.17s
32 128 64 0.75 60.56338028169014 53.04225352112676 2.2686114469522134 201.43s
32 128 64 0.5 60.56338028169014 53.04225352112676 2.2686114469522134 200.51s
32 128 128 1.0 60.56338028169014 53.04225352112676 2.2686114469522134 199.29s
32 128 128 0.75 60.56338028169014 53.04225352112676 2.2686114469522134 200.91s
32 128 128 0.5 60.56338028169014 53.04225352112676 2.2686114469522134 200.27s
64 32 0 1.0 60.56338028169014 53.04225352112676 2.2686114469522134 148.17s
64 32 0 0.75 60.56338028169014 53.04225352112676 2.2686114469522134 147.90s
64 32 0 0.5 60.56338028169014 53.04225352112676 2.2686114469522134 147.73s
64 32 32 1.0 60.56338028169014 53.04225352112676 2.2686114469522134 153.26s
64 32 32 0.75 60.56338028169014 53.04225352112676 2.2686114469522134 154.56s
64 32 32 0.5 60.56338028169014 53.04225352112676 2.2686114469522134 153.47s
64 32 64 1.0 60.56338028169014 53.04225352112676 2.2686114469522134 153.28s
64 32 64 0.75 60.56338028169014 53.04225352112676 2.2686114469522134 154.37s
64 32 64 0.5 60.56338028169014 53.04225352112676 2.2686114469522134 153.44s
64 32 128 1.0 60.56338028169014 53.04225352112676 2.2686114469522134 153.83s
64 32 128 0.75 60.56338028169014 53.04225352112676 2.2686114469522134 154.24s
64 32 128 0.5 60.56338028169014 53.04225352112676 2.2686114469522134 153.15s
64 64 0 1.0 60.56338028169014 53.04225352112676 2.2686114469522134 218.05s
64 64 0 0.75 60.56338028169014 53.04225352112676 2.2686114469522134 218.79s
64 64 0 0.5 60.56338028169014 53.04225352112676 2.2686114469522134 218.52s
64 64 32 1.0 60.56338028169014 53.04225352112676 2.2686114469522134 219.36s
